<?xml version="1.0" encoding="UTF-8"?>
<!-- Generated by org.testng.reporters.JUnitReportReporter -->
<testsuite hostname="VAIO" failures="0" tests="1" name="Tests.TC_0002_PasswordForgot" time="23.018" errors="0" timestamp="2022-03-01T08:22:05 GMT-08:00" skipped="0">
  <testcase classname="Tests.TC_0002_PasswordForgot" name="VerifyForgotPassworPage" time="23.018"/>
  <system-out/>
</testsuite> <!-- Tests.TC_0002_PasswordForgot -->
